/* Part 1.a Starts */

[77, 22:07:56] DROP VIEW `outdoor_pollution`.`causes_of_death_view`: Running...
[77, 22:07:56] DROP VIEW `outdoor_pollution`.`causes_of_death_view`: 0 row(s) affected
[78, 22:07:58] DROP VIEW `outdoor_pollution`.`concentrations_view`: Running...
[78, 22:07:58] DROP VIEW `outdoor_pollution`.`concentrations_view`: 0 row(s) affected
[79, 22:08:00] DROP VIEW `outdoor_pollution`.`death_rates_from_ozone_and_particulate_matter_polution_view`: Running...
[79, 22:08:00] DROP VIEW `outdoor_pollution`.`death_rates_from_ozone_and_particulate_matter_polution_view`: 0 row(s) affected
[80, 22:08:02] DROP VIEW `outdoor_pollution`.`percentage_under_4`: Running...
[80, 22:08:02] DROP VIEW `outdoor_pollution`.`percentage_under_4`: 0 row(s) affected
[81, 22:08:04] DROP VIEW `outdoor_pollution`.`pollution_rates_age_under_5`: Running...
[81, 22:08:04] DROP VIEW `outdoor_pollution`.`pollution_rates_age_under_5`: 0 row(s) affected
[82, 22:08:18] CREATE VIEW percentage_under_4
AS SELECT country_id, percentage, year
FROM percentage_of_deaths_by_air_pollution
WHERE percentage < 4: Running...
[82, 22:08:18] CREATE VIEW percentage_under_4
AS SELECT country_id, percentage, year
FROM percentage_of_deaths_by_air_pollution
WHERE percentage < 4: 0 row(s) affected
[83, 22:08:18] CREATE VIEW causes_of_death_view AS
SELECT country_id, Years, Outdoor_air_pollution
FROM CAUSES_OF_DEATH
WHERE Outdoor_air_pollution > 999: Running...
[83, 22:08:18] CREATE VIEW causes_of_death_view AS
SELECT country_id, Years, Outdoor_air_pollution
FROM CAUSES_OF_DEATH
WHERE Outdoor_air_pollution > 999: 0 row(s) affected
[84, 22:08:18] CREATE VIEW pollution_rates_age_under_5 AS
SELECT country_id, year, death_under_5
FROM pollution_rates_age
WHERE death_under_5 > 50: Running...
[84, 22:08:18] CREATE VIEW pollution_rates_age_under_5 AS
SELECT country_id, year, death_under_5
FROM pollution_rates_age
WHERE death_under_5 > 50: 0 row(s) affected
[85, 22:08:18] CREATE VIEW Death_rates_from_ozone_and_particulate_matter_polution_VIEW AS
SELECT country_id , year , MatterPollution , OzonePollution
FROM Death_rates_from_ozone_and_particulate_matter_polution
WHERE MatterPollution >= 100 AND OzonePollution >= 6: Running...
[85, 22:08:18] CREATE VIEW Death_rates_from_ozone_and_particulate_matter_polution_VIEW AS
SELECT country_id , year , MatterPollution , OzonePollution
FROM Death_rates_from_ozone_and_particulate_matter_polution
WHERE MatterPollution >= 100 AND OzonePollution >= 6: 0 row(s) affected
[86, 22:08:18] CREATE VIEW concentrations_VIEW AS
SELECT country_id, year, concentration
FROM concentrations_of_air_pollution
WHERE  concentration > 6e18: Running...
[86, 22:08:18] CREATE VIEW concentrations_VIEW AS
SELECT country_id, year, concentration
FROM concentrations_of_air_pollution
WHERE  concentration > 6e18: 0 row(s) affected

/* Part 1.a Ends */

/* Part 1.b Starts */

[87, 22:09:18] SELECT country_id, year FROM pollution_rates_age_under_5
WHERE country_id NOT IN (
    SELECT country_id FROM percentage_under_4
): Running...
[87, 22:09:18] SELECT country_id, year FROM pollution_rates_age_under_5
WHERE country_id NOT IN (
    SELECT country_id FROM percentage_under_4
): Fetching...
[87, 22:09:18] SELECT country_id, year FROM pollution_rates_age_under_5
WHERE country_id NOT IN (
    SELECT country_id FROM percentage_under_4
): 408 row(s) returned
[88, 22:09:18] SELECT p.country_id, p.year
FROM pollution_rates_age_under_5 p
LEFT JOIN percentage_under_4 u ON p.country_id = u.country_id
WHERE u.country_id IS NULL: Running...
[88, 22:09:18] SELECT p.country_id, p.year
FROM pollution_rates_age_under_5 p
LEFT JOIN percentage_under_4 u ON p.country_id = u.country_id
WHERE u.country_id IS NULL: Fetching...
[88, 22:09:18] SELECT p.country_id, p.year
FROM pollution_rates_age_under_5 p
LEFT JOIN percentage_under_4 u ON p.country_id = u.country_id
WHERE u.country_id IS NULL: 408 row(s) returned

/* Part 1.b Ends */

/* Part 1.c Starts */

[89, 22:10:16] SELECT * FROM pollution_rates_age
WHERE country_id IN ( SELECT country_id FROM countries WHERE country_name = 'Turkey'
): Running...
[89, 22:10:16] SELECT * FROM pollution_rates_age
WHERE country_id IN ( SELECT country_id FROM countries WHERE country_name = 'Turkey'
): Fetching...
[89, 22:10:16] SELECT * FROM pollution_rates_age
WHERE country_id IN ( SELECT country_id FROM countries WHERE country_name = 'Turkey'
): 30 row(s) returned
[90, 22:10:16] SELECT * FROM pollution_rates_age
WHERE EXISTS (
  SELECT 1 FROM countries WHERE country_name = 'Turkey' AND countries.country_id = pollution_rates_age.country_id
): Running...
[90, 22:10:16] SELECT * FROM pollution_rates_age
WHERE EXISTS (
  SELECT 1 FROM countries WHERE country_name = 'Turkey' AND countries.country_id = pollution_rates_age.country_id
): Fetching...
[90, 22:10:16] SELECT * FROM pollution_rates_age
WHERE EXISTS (
  SELECT 1 FROM countries WHERE country_name = 'Turkey' AND countries.country_id = pollution_rates_age.country_id
): 30 row(s) returned

/* Part 1.c Ends */

/* Part 1.d Starts */

[91, 22:11:17] SELECT percentage_of_deaths_by_air_pollution.country_id, 
AVG(percentage_of_deaths_by_air_pollution.percentage) AS avg_percentage, 
AVG(death_rates_from_ozone_and_particulate_matter_polution.MatterPollution) AS avg_matter_pollution,
AVG(death_rates_from_ozone_and_particulate_matter_polution.OzonePollution) AS avg_ozone_pollution
FROM percentage_of_deaths_by_air_pollution
LEFT JOIN death_rates_from_ozone_and_particulate_matter_polution
ON percentage_of_deaths_by_air_pollution.country_id = death_rates_from_ozone_and_particulate_matter_polution.country_id 
GROUP BY percentage_of_deaths_by_air_pollution.country_id 
HAVING avg_percentage > 10: Running...
[91, 22:11:17] SELECT percentage_of_deaths_by_air_pollution.country_id, 
AVG(percentage_of_deaths_by_air_pollution.percentage) AS avg_percentage, 
AVG(death_rates_from_ozone_and_particulate_matter_polution.MatterPollution) AS avg_matter_pollution,
AVG(death_rates_from_ozone_and_particulate_matter_polution.OzonePollution) AS avg_ozone_pollution
FROM percentage_of_deaths_by_air_pollution
LEFT JOIN death_rates_from_ozone_and_particulate_matter_polution
ON percentage_of_deaths_by_air_pollution.country_id = death_rates_from_ozone_and_particulate_matter_polution.country_id 
GROUP BY percentage_of_deaths_by_air_pollution.country_id 
HAVING avg_percentage > 10: Fetching...
[91, 22:11:17] SELECT percentage_of_deaths_by_air_pollution.country_id, 
AVG(percentage_of_deaths_by_air_pollution.percentage) AS avg_percentage, 
AVG(death_rates_from_ozone_and_particulate_matter_polution.MatterPollution) AS avg_matter_pollution,
AVG(death_rates_from_ozone_and_particulate_matter_polution.OzonePollution) AS avg_ozone_pollution
FROM percentage_of_deaths_by_air_pollution
LEFT JOIN death_rates_from_ozone_and_particulate_matter_polution
ON percentage_of_deaths_by_air_pollution.country_id = death_rates_from_ozone_and_particulate_matter_polution.country_id 
GROUP BY percentage_of_deaths_by_air_pollution.country_id 
HAVING avg_percentage > 10: 21 row(s) returned

[92, 22:11:17] SELECT causes_of_death.country_id,
SUM(causes_of_death.Outdoor_air_pollution) AS death_sum,
SUM(pollution_rates_age.death_under_5) AS under5_sum
FROM causes_of_death
LEFT JOIN pollution_rates_age
ON causes_of_death.country_id = pollution_rates_age.country_id
GROUP BY causes_of_death.country_id, causes_of_death.Years
HAVING death_sum > 999: Running...
[92, 22:11:17] SELECT causes_of_death.country_id,
SUM(causes_of_death.Outdoor_air_pollution) AS death_sum,
SUM(pollution_rates_age.death_under_5) AS under5_sum
FROM causes_of_death
LEFT JOIN pollution_rates_age
ON causes_of_death.country_id = pollution_rates_age.country_id
GROUP BY causes_of_death.country_id, causes_of_death.Years
HAVING death_sum > 999: Fetching...
[92, 22:11:17] SELECT causes_of_death.country_id,
SUM(causes_of_death.Outdoor_air_pollution) AS death_sum,
SUM(pollution_rates_age.death_under_5) AS under5_sum
FROM causes_of_death
LEFT JOIN pollution_rates_age
ON causes_of_death.country_id = pollution_rates_age.country_id
GROUP BY causes_of_death.country_id, causes_of_death.Years
HAVING death_sum > 999: 205 row(s) returned

[93, 22:11:17] SELECT concentrations_of_air_pollution.country_id, 
max(concentrations_of_air_pollution.Concentration) AS Max_Concentration, 
max(Death_rates_from_ozone_and_particulate_matter_polution.MatterPollution) AS Max_MatterPollution, 
max(Death_rates_from_ozone_and_particulate_matter_polution.OzonePollution) AS Max_OzonePollution
FROM concentrations_of_air_pollution
LEFT JOIN Death_rates_from_ozone_and_particulate_matter_polution ON 
concentrations_of_air_pollution.country_id = Death_rates_from_ozone_and_particulate_matter_polution.country_id 
GROUP BY concentrations_of_air_pollution.country_id 
HAVING Max_Concentration >= 6e18: Running...
[93, 22:11:17] SELECT concentrations_of_air_pollution.country_id, 
max(concentrations_of_air_pollution.Concentration) AS Max_Concentration, 
max(Death_rates_from_ozone_and_particulate_matter_polution.MatterPollution) AS Max_MatterPollution, 
max(Death_rates_from_ozone_and_particulate_matter_polution.OzonePollution) AS Max_OzonePollution
FROM concentrations_of_air_pollution
LEFT JOIN Death_rates_from_ozone_and_particulate_matter_polution ON 
concentrations_of_air_pollution.country_id = Death_rates_from_ozone_and_particulate_matter_polution.country_id 
GROUP BY concentrations_of_air_pollution.country_id 
HAVING Max_Concentration >= 6e18: Fetching...
[93, 22:11:17] SELECT concentrations_of_air_pollution.country_id, 
max(concentrations_of_air_pollution.Concentration) AS Max_Concentration, 
max(Death_rates_from_ozone_and_particulate_matter_polution.MatterPollution) AS Max_MatterPollution, 
max(Death_rates_from_ozone_and_particulate_matter_polution.OzonePollution) AS Max_OzonePollution
FROM concentrations_of_air_pollution
LEFT JOIN Death_rates_from_ozone_and_particulate_matter_polution ON 
concentrations_of_air_pollution.country_id = Death_rates_from_ozone_and_particulate_matter_polution.country_id 
GROUP BY concentrations_of_air_pollution.country_id 
HAVING Max_Concentration >= 6e18: 16 row(s) returned

[94, 22:11:17] SELECT concentrations_of_air_pollution.country_id, 
min(concentrations_of_air_pollution.Concentration) AS Min_Concentration, 
min(Death_rates_from_ozone_and_particulate_matter_polution.MatterPollution) AS Min_MatterPollution, 
min(Death_rates_from_ozone_and_particulate_matter_polution.OzonePollution) AS Min_OzonePollution
FROM concentrations_of_air_pollution 
LEFT JOIN Death_rates_from_ozone_and_particulate_matter_polution ON 
concentrations_of_air_pollution.country_id = Death_rates_from_ozone_and_particulate_matter_polution.country_id 
GROUP BY concentrations_of_air_pollution.country_id 
HAVING Min_Concentration <= 6e18: Running...
[94, 22:11:17] SELECT concentrations_of_air_pollution.country_id, 
min(concentrations_of_air_pollution.Concentration) AS Min_Concentration, 
min(Death_rates_from_ozone_and_particulate_matter_polution.MatterPollution) AS Min_MatterPollution, 
min(Death_rates_from_ozone_and_particulate_matter_polution.OzonePollution) AS Min_OzonePollution
FROM concentrations_of_air_pollution 
LEFT JOIN Death_rates_from_ozone_and_particulate_matter_polution ON 
concentrations_of_air_pollution.country_id = Death_rates_from_ozone_and_particulate_matter_polution.country_id 
GROUP BY concentrations_of_air_pollution.country_id 
HAVING Min_Concentration <= 6e18: Fetching...
[94, 22:11:17] SELECT concentrations_of_air_pollution.country_id, 
min(concentrations_of_air_pollution.Concentration) AS Min_Concentration, 
min(Death_rates_from_ozone_and_particulate_matter_polution.MatterPollution) AS Min_MatterPollution, 
min(Death_rates_from_ozone_and_particulate_matter_polution.OzonePollution) AS Min_OzonePollution
FROM concentrations_of_air_pollution 
LEFT JOIN Death_rates_from_ozone_and_particulate_matter_polution ON 
concentrations_of_air_pollution.country_id = Death_rates_from_ozone_and_particulate_matter_polution.country_id 
GROUP BY concentrations_of_air_pollution.country_id 
HAVING Min_Concentration <= 6e18: 209 row(s) returned

[95, 22:11:17] SELECT pollution_rates_age_under_5.country_id, count(*) AS total
FROM pollution_rates_age_under_5 
GROUP BY pollution_rates_age_under_5.country_id
HAVING total > 10: Running...
[95, 22:11:17] SELECT pollution_rates_age_under_5.country_id, count(*) AS total
FROM pollution_rates_age_under_5 
GROUP BY pollution_rates_age_under_5.country_id
HAVING total > 10: Fetching...
[95, 22:11:17] SELECT pollution_rates_age_under_5.country_id, count(*) AS total
FROM pollution_rates_age_under_5 
GROUP BY pollution_rates_age_under_5.country_id
HAVING total > 10: 34 row(s) returned

/* Part 1.d ends */

/* Part 2 Starts */

[102, 22:16:14] SELECT MIN(percentage) AS min_perc, MAX(percentage) AS max_perc FROM percentage_of_deaths_by_air_pollution: Running...
[102, 22:16:14] SELECT MIN(percentage) AS min_perc, MAX(percentage) AS max_perc FROM percentage_of_deaths_by_air_pollution: Fetching...
[102, 22:16:14] SELECT MIN(percentage) AS min_perc, MAX(percentage) AS max_perc FROM percentage_of_deaths_by_air_pollution: 1 row(s) returned

[103, 22:16:21] ALTER TABLE percentage_of_deaths_by_air_pollution ADD CONSTRAINT chk_percentage_range CHECK 
(percentage >= 0.23
AND percentage <= 17.20
): Running...
[103, 22:16:22] ALTER TABLE percentage_of_deaths_by_air_pollution ADD CONSTRAINT chk_percentage_range CHECK 
(percentage >= 0.23
AND percentage <= 17.20
): 6841 row(s) affected
Records: 6841  Duplicates: 0  Warnings: 0

[104, 22:16:25] INSERT INTO percentage_of_deaths_by_air_pollution (country_id, year, percentage) VALUES (1, 2020, 18): Running...
[104, 22:16:25] INSERT INTO percentage_of_deaths_by_air_pollution (country_id, year, percentage) VALUES (1, 2020, 18): Error Code: 3819. Check constraint 'chk_perc_range' is violated.

[105, 22:16:31] CREATE TRIGGER tr_insert BEFORE INSERT ON percentage_of_deaths_by_air_pollution FOR EACH ROW
BEGIN
  IF NEW.percentage < 0.24 THEN
    SET NEW.percentage = 0.24;
  ELSEIF NEW.percentage > 17.19 THEN
    SET NEW.percentage = 17.19;
  END IF;
END: Running...
[105, 22:16:31] CREATE TRIGGER tr_insert BEFORE INSERT ON percentage_of_deaths_by_air_pollution FOR EACH ROW
BEGIN
  IF NEW.percentage < 0.24 THEN
    SET NEW.percentage = 0.24;
  ELSEIF NEW.percentage > 17.19 THEN
    SET NEW.percentage = 17.19;
  END IF;
END: 0 row(s) affected
[106, 22:16:31] CREATE TRIGGER tr_update BEFORE UPDATE ON percentage_of_deaths_by_air_pollution FOR EACH ROW
BEGIN
  IF NEW.percentage < 0.24 THEN
    SET NEW.percentage = 0.24;
  ELSEIF NEW.percentage > 17.19 THEN
    SET NEW.percentage = 17.19;
  END IF;
END: Running...
[106, 22:16:31] CREATE TRIGGER tr_update BEFORE UPDATE ON percentage_of_deaths_by_air_pollution FOR EACH ROW
BEGIN
  IF NEW.percentage < 0.24 THEN
    SET NEW.percentage = 0.24;
  ELSEIF NEW.percentage > 17.19 THEN
    SET NEW.percentage = 17.19;
  END IF;
END: 0 row(s) affected

[114, 22:19:23] INSERT INTO percentage_of_deaths_by_air_pollution (country_id, year, percentage) VALUES (1, 2020, 18): Running...
[114, 22:19:23] INSERT INTO percentage_of_deaths_by_air_pollution (country_id, year, percentage) VALUES (1, 2020, 18): 1 row(s) affected

/* Part 2 End */

/* Part 3 Starts */

[115, 22:19:55] CREATE PROCEDURE get_data(IN c_name VARCHAR(255))
BEGIN
	SELECT * FROM pollution_rates_age
    WHERE pollution_rates_age.country_id = (
    SELECT country_id FROM countries where c_name = countries.country_name);
END: Running...
[115, 22:19:55] CREATE PROCEDURE get_data(IN c_name VARCHAR(255))
BEGIN
	SELECT * FROM pollution_rates_age
    WHERE pollution_rates_age.country_id = (
    SELECT country_id FROM countries where c_name = countries.country_name);
END: 0 row(s) affected

[116, 22:20:00] CALL get_data("Turkey"): Running...
[116, 22:20:00] CALL get_data("Turkey"): Fetching...
[116, 22:20:00] CALL get_data("Turkey"): 30 row(s) returned
[117, 22:20:02] CALL get_data("Albania"): Running...
[117, 22:20:02] CALL get_data("Albania"): Fetching...
[117, 22:20:02] CALL get_data("Albania"): 30 row(s) returned

/* Part 3 Ends */